<?xml version="1.0" encoding="UTF-8"?>
<testsuite xmlns:xsi="http://www.w3.org/2001/XMLSchema-instance" xsi:noNamespaceSchemaLocation="https://maven.apache.org/surefire/maven-surefire-plugin/xsd/surefire-test-report.xsd" version="3.0.2" name="com.spechofy.gestionevenements.GestionEvenementsApplicationTests" time="9.24" tests="1" errors="0" skipped="0" failures="0">
  <properties>
[...]
</properties>
  <testcase name="contextLoads" classname="com.spechofy.gestionevenements.GestionEvenementsApplicationTests" time="1.88">
    <system-out><![CDATA[19:27:30.982 [main] INFO org.springframework.test.context.support.AnnotationConfigContextLoaderUtils -- Could not detect default configuration classes for test class [com.spechofy.gestionevenements.GestionEvenementsApplicationTests]: GestionEvenementsApplicationTests does not declare any static, non-private, non-final, nested classes annotated with @Configuration.
19:27:31.259 [main] INFO org.springframework.boot.test.context.SpringBootTestContextBootstrapper -- Found @SpringBootConfiguration com.spechofy.gestionevenements.GestionEvenementsApplication for test class com.spechofy.gestionevenements.GestionEvenementsApplicationTests
19:27:32.439 [main] INFO org.springframework.boot.devtools.restart.RestartApplicationListener -- Restart disabled due to context in which it is running

  .   ____          _            __ _ _
 /\\ / ___'_ __ _ _(_)_ __  __ _ \ \ \ \
( ( )\___ | '_ | '_| | '_ \/ _` | \ \ \ \
 \\/  ___)| |_)| | | | | || (_| |  ) ) ) )
  '  |____| .__|_| |_|_| |_\__, | / / / /
 =========|_|==============|___/=/_/_/_/

 :: Spring Boot ::                (v3.4.5)

2025-05-18T19:27:33.346+02:00  INFO 12216 --- [GestionEvenements] [           main] c.s.g.GestionEvenementsApplicationTests  : Starting GestionEvenementsApplicationTests using Java 17.0.8 with PID 12216 (started by lenovo in C:\Users\lenovo\Desktop\GestionEvenements\GestionEvenements)
2025-05-18T19:27:33.349+02:00  INFO 12216 --- [GestionEvenements] [           main] c.s.g.GestionEvenementsApplicationTests  : No active profile set, falling back to 1 default profile: "default"
2025-05-18T19:27:37.918+02:00  INFO 12216 --- [GestionEvenements] [           main] c.s.g.GestionEvenementsApplicationTests  : Started GestionEvenementsApplicationTests in 5.508 seconds (process running for 9.327)
]]></system-out>
  </testcase>
</testsuite>